OFPST_FLOW reply (OF1.3) (xid=0x2):
 cookie=0x8000000, duration=1156.426s, table=0, n_packets=56, n_bytes=4460, priority=1,in_port=1 actions=write_metadata:0x10000000001/0xffffff0000000001,goto_table:17
 cookie=0x8000001, duration=1155.375s, table=17, n_packets=56, n_bytes=4460, priority=5,metadata=0x10000000000/0xffffff0000000000 actions=write_metadata:0x60000100000222e0/0xfffffffffffffffe,goto_table:19
 cookie=0x8040000, duration=1155.375s, table=17, n_packets=56, n_bytes=4460, priority=6,metadata=0x6000010000000000/0xffffff0000000000 actions=load:0x1->NXM_NX_REG1[0..19],write_metadata:0x7000011389000000/0xfffffffffffffffe,goto_table:48
 cookie=0x8000000, duration=2699.442s, table=17, n_packets=0, n_bytes=0, priority=0,metadata=0x5000000000000000/0xf000000000000000 actions=write_metadata:0x6000000000000000/0xf000000000000000,goto_table:80
 cookie=0x6800000, duration=2699.532s, table=18, n_packets=0, n_bytes=0, priority=0 actions=goto_table:38
 cookie=0x1080000, duration=2699.182s, table=19, n_packets=6, n_bytes=360, priority=100,arp,arp_op=1 actions=group:5000
 cookie=0x1080000, duration=2699.182s, table=19, n_packets=0, n_bytes=0, priority=100,arp,arp_op=2 actions=CONTROLLER:65535,resubmit(,17)
 cookie=0x1080000, duration=2699.182s, table=19, n_packets=50, n_bytes=4100, priority=0 actions=resubmit(,17)
 cookie=0x1030000, duration=2699.182s, table=20, n_packets=0, n_bytes=0, priority=0 actions=goto_table:80
 cookie=0x8000004, duration=2699.182s, table=22, n_packets=0, n_bytes=0, priority=0 actions=CONTROLLER:65535
 cookie=0x9001389, duration=1155.379s, table=36, n_packets=0, n_bytes=0, priority=5,tun_id=0x1389 actions=write_actions(group:210001)
 cookie=0x9000001, duration=1155.376s, table=36, n_packets=0, n_bytes=0, priority=5,tun_id=0x1 actions=load:0x100->NXM_NX_REG6[],resubmit(,220)
 cookie=0x6900000, duration=2699.518s, table=40, n_packets=0, n_bytes=0, priority=0 actions=drop
 cookie=0x6900000, duration=2699.500s, table=41, n_packets=0, n_bytes=0, priority=62020,ct_state=-new+est-rel-inv+trk actions=resubmit(,17)
 cookie=0x6900000, duration=2699.479s, table=41, n_packets=0, n_bytes=0, priority=62020,ct_state=-new-est+rel-inv+trk actions=resubmit(,17)
 cookie=0x6900000, duration=2699.468s, table=41, n_packets=0, n_bytes=0, priority=62020,ct_state=+inv+trk actions=drop
 cookie=0x6900000, duration=2699.476s, table=41, n_packets=0, n_bytes=0, priority=50,ct_state=+new+trk actions=drop
 cookie=0x6900000, duration=2699.510s, table=41, n_packets=0, n_bytes=0, priority=0 actions=drop
 cookie=0x4000000, duration=2699.581s, table=45, n_packets=0, n_bytes=0, priority=0 actions=resubmit(,17)
 cookie=0x8500000, duration=2699.559s, table=48, n_packets=56, n_bytes=4460, priority=0 actions=resubmit(,49),resubmit(,50)
 cookie=0x8051389, duration=1144.673s, table=50, n_packets=49, n_bytes=4018, idle_timeout=300, send_flow_rem priority=20,metadata=0x11389000000/0xfffffffff000000,dl_src=0a:00:27:00:00:03 actions=goto_table:51
 cookie=0x8050001, duration=2699.496s, table=50, n_packets=4, n_bytes=240, priority=10,reg4=0x1 actions=goto_table:51
 cookie=0x8050000, duration=2699.575s, table=50, n_packets=3, n_bytes=202, priority=0 actions=CONTROLLER:65535,learn(table=49,hard_timeout=10,priority=0,cookie=0x8600000,NXM_OF_ETH_SRC[],NXM_NX_REG1[0..19],load:0x1->NXM_NX_REG4[0..7]),goto_table:51
 cookie=0x8031389, duration=1144.675s, table=51, n_packets=0, n_bytes=0, priority=20,metadata=0x1389000000/0xffff000000,dl_dst=0a:00:27:00:00:03 actions=load:0x100->NXM_NX_REG6[],resubmit(,220)
 cookie=0x8030000, duration=2699.488s, table=51, n_packets=56, n_bytes=4460, priority=0 actions=goto_table:52
 cookie=0x8701389, duration=1155.379s, table=52, n_packets=0, n_bytes=0, priority=5,metadata=0x1389000000/0xffff000001 actions=write_actions(group:210002)
 cookie=0x8701389, duration=1155.379s, table=52, n_packets=56, n_bytes=4460, priority=5,metadata=0x1389000001/0xffff000001 actions=write_actions(group:210001)
 cookie=0x8800001, duration=1155.375s, table=55, n_packets=0, n_bytes=0, priority=10,tun_id=0x1,metadata=0x10000000000/0xfffff0000000000 actions=drop
 cookie=0x8800001, duration=1155.375s, table=55, n_packets=0, n_bytes=0, priority=9,tun_id=0x1 actions=load:0x100->NXM_NX_REG6[],resubmit(,220)
 cookie=0x6800000, duration=2699.544s, table=60, n_packets=0, n_bytes=0, priority=0 actions=resubmit(,17)
 cookie=0x1030000, duration=2699.182s, table=80, n_packets=0, n_bytes=0, priority=0 actions=resubmit(,17)
 cookie=0x8220000, duration=2699.182s, table=81, n_packets=6, n_bytes=360, priority=0 actions=drop
 cookie=0x8000007, duration=1156.288s, table=220, n_packets=0, n_bytes=0, priority=8,reg6=0x100,metadata=0x1/0x1 actions=drop
 cookie=0x8000007, duration=1156.259s, table=220, n_packets=0, n_bytes=0, priority=7,reg6=0x100 actions=output:1
 cookie=0x6900000, duration=2699.530s, table=251, n_packets=0, n_bytes=0, priority=0 actions=drop
 cookie=0x6900000, duration=2699.464s, table=252, n_packets=0, n_bytes=0, priority=62020,ct_state=-new+est-rel-inv+trk actions=resubmit(,220)
 cookie=0x6900000, duration=2699.457s, table=252, n_packets=0, n_bytes=0, priority=62020,ct_state=-new-est+rel-inv+trk actions=resubmit(,220)
 cookie=0x6900000, duration=2699.445s, table=252, n_packets=0, n_bytes=0, priority=62020,ct_state=+inv+trk actions=drop
 cookie=0x6900000, duration=2699.451s, table=252, n_packets=0, n_bytes=0, priority=50,ct_state=+new+trk actions=drop
 cookie=0x6900000, duration=2699.520s, table=252, n_packets=0, n_bytes=0, priority=0 actions=drop
